[32m2024-09-23 16:52:27 +0200[0m - dagster - [34mDEBUG[0m - __ASSET_JOB - 54b0f415-6754-467a-82ac-ccf604bd1d58 - 147621 - LOGS_CAPTURED - Started capturing logs in process (pid: 147621).
[32m2024-09-23 16:52:27 +0200[0m - dagster - [34mDEBUG[0m - __ASSET_JOB - 54b0f415-6754-467a-82ac-ccf604bd1d58 - 147621 - my_dbt_assets - STEP_START - Started execution of step "my_dbt_assets".
[32m2024-09-23 16:52:28 +0200[0m - dagster - [34mINFO[0m - __ASSET_JOB - 54b0f415-6754-467a-82ac-ccf604bd1d58 - my_dbt_assets - A dbt subsetted execution is not being performed. Using the default dbt selection arguments `['--select', 'fqn:*']`.
[32m2024-09-23 16:52:28 +0200[0m - dagster - [34mINFO[0m - __ASSET_JOB - 54b0f415-6754-467a-82ac-ccf604bd1d58 - my_dbt_assets - Copying `/mnt/c/Users/robgri/Documents/git_personal/swapy/dbts/target/partial_parse.msgpack` to `/mnt/c/Users/robgri/Documents/git_personal/swapy/dbts/target/my_dbt_assets-54b0f41-05eeb09/partial_parse.msgpack` to take advantage of partial parsing.
[32m2024-09-23 16:52:28 +0200[0m - dagster - [34mINFO[0m - __ASSET_JOB - 54b0f415-6754-467a-82ac-ccf604bd1d58 - my_dbt_assets - Running dbt command: `dbt build --select fqn:*`.
[32m2024-09-23 16:52:31 +0200[0m - dagster - [34mDEBUG[0m - __ASSET_JOB - 54b0f415-6754-467a-82ac-ccf604bd1d58 - 147621 - my_dbt_assets - STEP_OUTPUT - Yielded output "model_dbts_int_characters" of type "Nothing". (Type check passed).
[32m2024-09-23 16:52:31 +0200[0m - dagster - [34mDEBUG[0m - __ASSET_JOB - 54b0f415-6754-467a-82ac-ccf604bd1d58 - 147621 - my_dbt_assets - ASSET_MATERIALIZATION - Materialized value intermediate int_characters.
[32m2024-09-23 16:52:31 +0200[0m - dagster - [34mDEBUG[0m - __ASSET_JOB - 54b0f415-6754-467a-82ac-ccf604bd1d58 - 147621 - my_dbt_assets - STEP_OUTPUT - Yielded output "model_dbts_int_films" of type "Nothing". (Type check passed).
[32m2024-09-23 16:52:32 +0200[0m - dagster - [34mDEBUG[0m - __ASSET_JOB - 54b0f415-6754-467a-82ac-ccf604bd1d58 - 147621 - my_dbt_assets - ASSET_MATERIALIZATION - Materialized value intermediate int_films.
[32m2024-09-23 16:52:32 +0200[0m - dagster - [34mDEBUG[0m - __ASSET_JOB - 54b0f415-6754-467a-82ac-ccf604bd1d58 - 147621 - my_dbt_assets - STEP_OUTPUT - Yielded output "model_dbts_int_planets" of type "Nothing". (Type check passed).
[32m2024-09-23 16:52:32 +0200[0m - dagster - [34mDEBUG[0m - __ASSET_JOB - 54b0f415-6754-467a-82ac-ccf604bd1d58 - 147621 - my_dbt_assets - ASSET_MATERIALIZATION - Materialized value intermediate int_planets.
[32m2024-09-23 16:52:32 +0200[0m - dagster - [34mDEBUG[0m - __ASSET_JOB - 54b0f415-6754-467a-82ac-ccf604bd1d58 - 147621 - my_dbt_assets - STEP_OUTPUT - Yielded output "model_dbts_int_species" of type "Nothing". (Type check passed).
[32m2024-09-23 16:52:33 +0200[0m - dagster - [34mDEBUG[0m - __ASSET_JOB - 54b0f415-6754-467a-82ac-ccf604bd1d58 - 147621 - my_dbt_assets - ASSET_MATERIALIZATION - Materialized value intermediate int_species.
[32m2024-09-23 16:52:33 +0200[0m - dagster - [34mDEBUG[0m - __ASSET_JOB - 54b0f415-6754-467a-82ac-ccf604bd1d58 - 147621 - my_dbt_assets - STEP_OUTPUT - Yielded output "model_dbts_dim_film_characters" of type "Nothing". (Type check passed).
[32m2024-09-23 16:52:34 +0200[0m - dagster - [34mDEBUG[0m - __ASSET_JOB - 54b0f415-6754-467a-82ac-ccf604bd1d58 - 147621 - my_dbt_assets - ASSET_MATERIALIZATION - Materialized value core dim_film_characters.
[32m2024-09-23 16:52:34 +0200[0m - dagster - [34mDEBUG[0m - __ASSET_JOB - 54b0f415-6754-467a-82ac-ccf604bd1d58 - 147621 - my_dbt_assets - STEP_OUTPUT - Yielded output "model_dbts_dim_films" of type "Nothing". (Type check passed).
[32m2024-09-23 16:52:34 +0200[0m - dagster - [34mDEBUG[0m - __ASSET_JOB - 54b0f415-6754-467a-82ac-ccf604bd1d58 - 147621 - my_dbt_assets - ASSET_MATERIALIZATION - Materialized value core dim_films.
[32m2024-09-23 16:52:34 +0200[0m - dagster - [34mDEBUG[0m - __ASSET_JOB - 54b0f415-6754-467a-82ac-ccf604bd1d58 - 147621 - my_dbt_assets - STEP_OUTPUT - Yielded output "model_dbts_dim_characters" of type "Nothing". (Type check passed).
[32m2024-09-23 16:52:35 +0200[0m - dagster - [34mDEBUG[0m - __ASSET_JOB - 54b0f415-6754-467a-82ac-ccf604bd1d58 - 147621 - my_dbt_assets - ASSET_MATERIALIZATION - Materialized value core dim_characters.
[32m2024-09-23 16:52:35 +0200[0m - dagster - [34mINFO[0m - __ASSET_JOB - 54b0f415-6754-467a-82ac-ccf604bd1d58 - my_dbt_assets - Finished dbt command: `dbt build --select fqn:*`.
[32m2024-09-23 16:52:35 +0200[0m - dagster - [34mDEBUG[0m - __ASSET_JOB - 54b0f415-6754-467a-82ac-ccf604bd1d58 - 147621 - my_dbt_assets - STEP_SUCCESS - Finished execution of step "my_dbt_assets" in 7.46s.
