Running with dbt=1.8.2
Registered adapter: duckdb=1.8.1
Found 7 models, 4 sources, 406 macros

Concurrency: 1 threads (target='dev')

1 of 7 START sql view model main_intermediate.int_characters ................... [RUN]
1 of 7 OK created sql view model main_intermediate.int_characters .............. [[32mOK[0m in 0.24s]
2 of 7 START sql view model main_intermediate.int_films ........................ [RUN]
2 of 7 OK created sql view model main_intermediate.int_films ................... [[32mOK[0m in 0.13s]
3 of 7 START sql view model main_intermediate.int_planets ...................... [RUN]
3 of 7 OK created sql view model main_intermediate.int_planets ................. [[32mOK[0m in 0.13s]
4 of 7 START sql view model main_intermediate.int_species ...................... [RUN]
4 of 7 OK created sql view model main_intermediate.int_species ................. [[32mOK[0m in 0.11s]
5 of 7 START sql view model main_core.dim_film_characters ...................... [RUN]
5 of 7 OK created sql view model main_core.dim_film_characters ................. [[32mOK[0m in 0.12s]
6 of 7 START sql view model main_core.dim_films ................................ [RUN]
6 of 7 OK created sql view model main_core.dim_films ........................... [[32mOK[0m in 0.11s]
7 of 7 START sql view model main_core.dim_characters ........................... [RUN]
7 of 7 OK created sql view model main_core.dim_characters ...................... [[32mOK[0m in 0.13s]

Finished running 7 view models in 0 hours 0 minutes and 1.42 seconds (1.42s).

[32mCompleted successfully[0m

Done. PASS=7 WARN=0 ERROR=0 SKIP=0 TOTAL=7
